[debug] [2021-04-23T04:28:28.203Z] ----------------------------------------------------------------------
[debug] [2021-04-23T04:28:28.205Z] Command:       C:\Program Files\nodejs\node.exe C:\Users\namad\AppData\Roaming\npm\node_modules\firebase-tools\lib\bin\firebase.js init hosting
[debug] [2021-04-23T04:28:28.205Z] CLI Version:   9.10.0
[debug] [2021-04-23T04:28:28.206Z] Platform:      win32
[debug] [2021-04-23T04:28:28.206Z] Node Version:  v12.19.0
[debug] [2021-04-23T04:28:28.206Z] Time:          Fri Apr 23 2021 11:28:28 GMT+0700 (Indochina Time)
[debug] [2021-04-23T04:28:28.207Z] ----------------------------------------------------------------------
[debug] 
[debug] [2021-04-23T04:28:28.212Z] > command requires scopes: ["email","openid","https://www.googleapis.com/auth/cloudplatformprojects.readonly","https://www.googleapis.com/auth/firebase","https://www.googleapis.com/auth/cloud-platform"]
[debug] [2021-04-23T04:28:28.212Z] > authorizing via signed-in user (namadam2507@gmail.com)
[info] 
     ######## #### ########  ######## ########     ###     ######  ########
     ##        ##  ##     ## ##       ##     ##  ##   ##  ##       ##
     ######    ##  ########  ######   ########  #########  ######  ######
     ##        ##  ##    ##  ##       ##     ## ##     ##       ## ##
     ##       #### ##     ## ######## ########  ##     ##  ######  ########

You're about to initialize a Firebase project in this directory:

  E:\FPT_17_21\2021\Semester 9\demoCapstone\demo-chat-react-with-firebase

Before we get started, keep in mind:

  * You are initializing in an existing Firebase project directory

[info] 
=== Project Setup
[info] 
[info] First, let's associate this project directory with a Firebase project.
[info] You can create multiple project aliases by running firebase use --add, 
[info] but for now we'll just set up a default project.
[info] 
[info] i  .firebaserc already has a default project, using supperchatreactfirebase. 
[debug] [2021-04-23T04:28:30.841Z] > refreshing access token with scopes: []
[debug] [2021-04-23T04:28:30.841Z] >>> HTTP REQUEST POST https://www.googleapis.com/oauth2/v3/token  
 <request body omitted>
[debug] [2021-04-23T04:28:31.002Z] <<< HTTP RESPONSE 200 {"pragma":"no-cache","expires":"Mon, 01 Jan 1990 00:00:00 GMT","date":"Fri, 23 Apr 2021 04:28:31 GMT","cache-control":"no-cache, no-store, max-age=0, must-revalidate","content-type":"application/json; charset=utf-8","vary":"X-Origin, Referer, Origin,Accept-Encoding","server":"scaffolding on HTTPServer2","x-xss-protection":"0","x-frame-options":"SAMEORIGIN","x-content-type-options":"nosniff","alt-svc":"h3-29=\":443\"; ma=2592000,h3-T051=\":443\"; ma=2592000,h3-Q050=\":443\"; ma=2592000,h3-Q046=\":443\"; ma=2592000,h3-Q043=\":443\"; ma=2592000,quic=\":443\"; ma=2592000; v=\"46,43\"","accept-ranges":"none","transfer-encoding":"chunked"}
[debug] [2021-04-23T04:28:31.014Z] >>> [apiv2][query] GET https://firebase.googleapis.com/v1beta1/projects/supperchatreactfirebase [none]
[debug] [2021-04-23T04:28:31.717Z] <<< [apiv2][status] GET https://firebase.googleapis.com/v1beta1/projects/supperchatreactfirebase 200
[debug] [2021-04-23T04:28:31.717Z] <<< [apiv2][body] GET https://firebase.googleapis.com/v1beta1/projects/supperchatreactfirebase {"projectId":"supperchatreactfirebase","projectNumber":"629647012834","displayName":"SupperChatReactFireBase","name":"projects/supperchatreactfirebase","resources":{"hostingSite":"supperchatreactfirebase","storageBucket":"supperchatreactfirebase.appspot.com","locationId":"us-central"},"state":"ACTIVE"}
[info] 
=== Hosting Setup
[info] 
[info] Your public directory is the folder (relative to your project directory) that
[info] will contain Hosting assets to be uploaded with firebase deploy. If you
[info] have a build process for your assets, use your build's output directory.
[info] 
[debug] [2021-04-23T04:28:38.908Z] >>> [apiv2][query] GET https://www.gstatic.com/firebasejs/releases.json [none]
[debug] [2021-04-23T04:28:39.098Z] <<< [apiv2][status] GET https://www.gstatic.com/firebasejs/releases.json 200
[debug] [2021-04-23T04:28:39.098Z] <<< [apiv2][body] GET https://www.gstatic.com/firebasejs/releases.json {"current":{"version":"8.4.1","browserURL":"https://www.gstatic.com/firebasejs/8.4.1/firebase.js","packageURL":"https://www.gstatic.com/firebasejs/8.4.1/firebase.tgz"},"live":{"version":"8.4","browserURL":"https://www.gstatic.com/firebasejs/live/8.4/firebase.js","packageURL":"https://www.gstatic.com/firebasejs/live/8.4/firebase.tgz"},"components":{"analytics":"https://www.gstatic.com/firebasejs/8.4.1/firebase-analytics.js","app":"https://www.gstatic.com/firebasejs/8.4.1/firebase-app.js","auth":"https://www.gstatic.com/firebasejs/8.4.1/firebase-auth.js","database":"https://www.gstatic.com/firebasejs/8.4.1/firebase-database.js","firestore":"https://www.gstatic.com/firebasejs/8.4.1/firebase-firestore.js","functions":"https://www.gstatic.com/firebasejs/8.4.1/firebase-functions.js","installations":"https://www.gstatic.com/firebasejs/8.4.1/firebase-installations.js","messaging":"https://www.gstatic.com/firebasejs/8.4.1/firebase-messaging.js","storage":"https://www.gstatic.com/firebasejs/8.4.1/firebase-storage.js","performance":"https://www.gstatic.com/firebasejs/8.4.1/firebase-performance.js","remote-config":"https://www.gstatic.com/firebasejs/8.4.1/firebase-remote-config.js","firestore.memory":"https://www.gstatic.com/firebasejs/8.4.1/firebase-firestore.memory.js"}}
[info] i  Skipping write of public/index.html 
[info] 
[info] i  Detected a .git folder at E:\FPT_17_21\2021\Semester 9\demoCapstone\demo-chat-react-with-firebase 
[info] i  Authorizing with GitHub to upload your service account to a GitHub repository's secrets store. 
[info] 
[info] Visit this URL on this device to log in:
[info] https://github.com/login/oauth/authorize?client_id=89cf50f02ac6aaed3484&state=727348942&redirect_uri=http%3A%2F%2Flocalhost%3A9005&scope=read%3Auser%20repo%20public_repo
[info] 
[info] Waiting for authentication...
[debug] [2021-04-23T04:28:51.532Z] >>> HTTP REQUEST POST https://github.com/login/oauth/access_token  
 {"client_id":"89cf50f02ac6aaed3484","client_secret":"3330d14abc895d9a74d5f17cd7a00711fa2c5bf0","code":"fbfb450fff6357459d5a","redirect_uri":"http://localhost:9005","state":"727348942"}
[debug] [2021-04-23T04:28:52.184Z] <<< HTTP RESPONSE 200 {"server":"GitHub.com","date":"Fri, 23 Apr 2021 04:28:52 GMT","content-type":"application/json; charset=utf-8","transfer-encoding":"chunked","vary":"X-PJAX, Accept-Encoding, Accept, X-Requested-With","permissions-policy":"interest-cohort=()","etag":"W/\"2f39fa2c66c9d0838203dd62f71f6296\"","cache-control":"max-age=0, private, must-revalidate","strict-transport-security":"max-age=31536000; includeSubdomains; preload","x-frame-options":"deny","x-content-type-options":"nosniff","x-xss-protection":"0","referrer-policy":"origin-when-cross-origin, strict-origin-when-cross-origin","expect-ct":"max-age=2592000, report-uri=\"https://api.github.com/_private/browser/errors\"","content-security-policy":"default-src 'none'; base-uri 'self'; block-all-mixed-content; connect-src 'self' uploads.github.com www.githubstatus.com collector.githubapp.com api.github.com github-cloud.s3.amazonaws.com github-production-repository-file-5c1aeb.s3.amazonaws.com github-production-upload-manifest-file-7fdce7.s3.amazonaws.com github-production-user-asset-6210df.s3.amazonaws.com cdn.optimizely.com logx.optimizely.com/v1/events wss://alive.github.com; font-src github.githubassets.com; form-action 'self' github.com gist.github.com; frame-ancestors 'none'; frame-src render.githubusercontent.com; img-src 'self' data: github.githubassets.com identicons.github.com collector.githubapp.com github-cloud.s3.amazonaws.com secured-user-images.githubusercontent.com/ *.githubusercontent.com; manifest-src 'self'; media-src 'none'; script-src github.githubassets.com; style-src 'unsafe-inline' github.githubassets.com; worker-src github.com/socket-worker-3f088aa2.js gist.github.com/socket-worker-3f088aa2.js","x-github-request-id":"C28D:2402:2BB172:3134E7:60824D03"}
[debug] [2021-04-23T04:28:52.186Z] >>> [apiv2][query] GET https://api.github.com/user [none]
[debug] [2021-04-23T04:28:52.954Z] <<< [apiv2][status] GET https://api.github.com/user 200
[debug] [2021-04-23T04:28:52.955Z] <<< [apiv2][body] GET https://api.github.com/user {"login":"namhvhe130474","id":54307850,"node_id":"MDQ6VXNlcjU0MzA3ODUw","avatar_url":"https://avatars.githubusercontent.com/u/54307850?v=4","gravatar_id":"","url":"https://api.github.com/users/namhvhe130474","html_url":"https://github.com/namhvhe130474","followers_url":"https://api.github.com/users/namhvhe130474/followers","following_url":"https://api.github.com/users/namhvhe130474/following{/other_user}","gists_url":"https://api.github.com/users/namhvhe130474/gists{/gist_id}","starred_url":"https://api.github.com/users/namhvhe130474/starred{/owner}{/repo}","subscriptions_url":"https://api.github.com/users/namhvhe130474/subscriptions","organizations_url":"https://api.github.com/users/namhvhe130474/orgs","repos_url":"https://api.github.com/users/namhvhe130474/repos","events_url":"https://api.github.com/users/namhvhe130474/events{/privacy}","received_events_url":"https://api.github.com/users/namhvhe130474/received_events","type":"User","site_admin":false,"name":"Jonathan Han","company":"VietED","blog":"https://www.facebook.com/JeyHan25/","location":"Ha Noi","email":"namadam2507@gmail.com","hireable":null,"bio":null,"twitter_username":null,"public_repos":3,"public_gists":0,"followers":0,"following":1,"created_at":"2019-08-20T08:04:54Z","updated_at":"2021-04-23T04:28:51Z","private_gists":4,"total_private_repos":2,"owned_private_repos":1,"disk_usage":3917,"collaborators":1,"two_factor_authentication":false,"plan":{"name":"free","space":976562499,"collaborators":0,"private_repos":10000}}
[info] 
[info] +  Success! Logged into GitHub as namhvhe130474 
[info] 
[debug] [2021-04-23T04:29:13.006Z] >>> [apiv2][query] GET https://api.github.com/repos/user/actions/secrets/public-key type=owner
[debug] [2021-04-23T04:29:13.752Z] <<< [apiv2][status] GET https://api.github.com/repos/user/actions/secrets/public-key 404
[debug] [2021-04-23T04:29:13.752Z] <<< [apiv2][body] GET https://api.github.com/repos/user/actions/secrets/public-key {"message":"Not Found","documentation_url":"https://docs.github.com/rest"}
[debug] [2021-04-23T04:29:20.544Z] >>> [apiv2][query] GET https://api.github.com/repos//actions/secrets/public-key type=owner
[debug] [2021-04-23T04:29:21.260Z] <<< [apiv2][status] GET https://api.github.com/repos//actions/secrets/public-key 404
[debug] [2021-04-23T04:29:21.260Z] <<< [apiv2][body] GET https://api.github.com/repos//actions/secrets/public-key {"message":"Not Found","documentation_url":"https://docs.github.com/rest"}
[debug] [2021-04-23T04:29:22.246Z] >>> [apiv2][query] GET https://api.github.com/repos//actions/secrets/public-key type=owner
[debug] [2021-04-23T04:29:22.962Z] <<< [apiv2][status] GET https://api.github.com/repos//actions/secrets/public-key 404
[debug] [2021-04-23T04:29:22.963Z] <<< [apiv2][body] GET https://api.github.com/repos//actions/secrets/public-key {"message":"Not Found","documentation_url":"https://docs.github.com/rest"}
[debug] [2021-04-23T04:29:39.313Z] >>> [apiv2][query] GET https://api.github.com/repos/repository/actions/secrets/public-key type=owner
[debug] [2021-04-23T04:29:39.981Z] <<< [apiv2][status] GET https://api.github.com/repos/repository/actions/secrets/public-key 404
[debug] [2021-04-23T04:29:39.981Z] <<< [apiv2][body] GET https://api.github.com/repos/repository/actions/secrets/public-key {"message":"Not Found","documentation_url":"https://docs.github.com/rest"}
[debug] [2021-04-23T04:29:40.825Z] >>> [apiv2][query] GET https://api.github.com/repos//actions/secrets/public-key type=owner
[debug] [2021-04-23T04:29:41.560Z] <<< [apiv2][status] GET https://api.github.com/repos//actions/secrets/public-key 404
[debug] [2021-04-23T04:29:41.560Z] <<< [apiv2][body] GET https://api.github.com/repos//actions/secrets/public-key {"message":"Not Found","documentation_url":"https://docs.github.com/rest"}
[debug] [2021-04-23T04:29:49.368Z] ----------------------------------------------------------------------
[debug] [2021-04-23T04:29:49.370Z] Command:       C:\Program Files\nodejs\node.exe C:\Users\namad\AppData\Roaming\npm\node_modules\firebase-tools\lib\bin\firebase.js init hosting
[debug] [2021-04-23T04:29:49.370Z] CLI Version:   9.10.0
[debug] [2021-04-23T04:29:49.370Z] Platform:      win32
[debug] [2021-04-23T04:29:49.370Z] Node Version:  v12.19.0
[debug] [2021-04-23T04:29:49.371Z] Time:          Fri Apr 23 2021 11:29:49 GMT+0700 (Indochina Time)
[debug] [2021-04-23T04:29:49.371Z] ----------------------------------------------------------------------
[debug] 
[debug] [2021-04-23T04:29:49.376Z] > command requires scopes: ["email","openid","https://www.googleapis.com/auth/cloudplatformprojects.readonly","https://www.googleapis.com/auth/firebase","https://www.googleapis.com/auth/cloud-platform"]
[debug] [2021-04-23T04:29:49.377Z] > authorizing via signed-in user (namadam2507@gmail.com)
[info] 
     ######## #### ########  ######## ########     ###     ######  ########
     ##        ##  ##     ## ##       ##     ##  ##   ##  ##       ##
     ######    ##  ########  ######   ########  #########  ######  ######
     ##        ##  ##    ##  ##       ##     ## ##     ##       ## ##
     ##       #### ##     ## ######## ########  ##     ##  ######  ########

You're about to initialize a Firebase project in this directory:

  E:\FPT_17_21\2021\Semester 9\demoCapstone\demo-chat-react-with-firebase

Before we get started, keep in mind:

  * You are initializing in an existing Firebase project directory

[info] 
=== Project Setup
[info] 
[info] First, let's associate this project directory with a Firebase project.
[info] You can create multiple project aliases by running firebase use --add, 
[info] but for now we'll just set up a default project.
[info] 
[info] i  .firebaserc already has a default project, using supperchatreactfirebase. 
[debug] [2021-04-23T04:30:08.947Z] >>> [apiv2][query] GET https://firebase.googleapis.com/v1beta1/projects/supperchatreactfirebase [none]
[debug] [2021-04-23T04:30:09.412Z] <<< [apiv2][status] GET https://firebase.googleapis.com/v1beta1/projects/supperchatreactfirebase 200
[debug] [2021-04-23T04:30:09.413Z] <<< [apiv2][body] GET https://firebase.googleapis.com/v1beta1/projects/supperchatreactfirebase {"projectId":"supperchatreactfirebase","projectNumber":"629647012834","displayName":"SupperChatReactFireBase","name":"projects/supperchatreactfirebase","resources":{"hostingSite":"supperchatreactfirebase","storageBucket":"supperchatreactfirebase.appspot.com","locationId":"us-central"},"state":"ACTIVE"}
[info] 
=== Hosting Setup
[info] 
[info] Your public directory is the folder (relative to your project directory) that
[info] will contain Hosting assets to be uploaded with firebase deploy. If you
[info] have a build process for your assets, use your build's output directory.
[info] 
[info] +  Wrote public/404.html 
[debug] [2021-04-23T04:30:21.927Z] >>> [apiv2][query] GET https://www.gstatic.com/firebasejs/releases.json [none]
[debug] [2021-04-23T04:30:22.059Z] <<< [apiv2][status] GET https://www.gstatic.com/firebasejs/releases.json 200
[debug] [2021-04-23T04:30:22.060Z] <<< [apiv2][body] GET https://www.gstatic.com/firebasejs/releases.json {"current":{"version":"8.4.1","browserURL":"https://www.gstatic.com/firebasejs/8.4.1/firebase.js","packageURL":"https://www.gstatic.com/firebasejs/8.4.1/firebase.tgz"},"live":{"version":"8.4","browserURL":"https://www.gstatic.com/firebasejs/live/8.4/firebase.js","packageURL":"https://www.gstatic.com/firebasejs/live/8.4/firebase.tgz"},"components":{"analytics":"https://www.gstatic.com/firebasejs/8.4.1/firebase-analytics.js","app":"https://www.gstatic.com/firebasejs/8.4.1/firebase-app.js","auth":"https://www.gstatic.com/firebasejs/8.4.1/firebase-auth.js","database":"https://www.gstatic.com/firebasejs/8.4.1/firebase-database.js","firestore":"https://www.gstatic.com/firebasejs/8.4.1/firebase-firestore.js","functions":"https://www.gstatic.com/firebasejs/8.4.1/firebase-functions.js","installations":"https://www.gstatic.com/firebasejs/8.4.1/firebase-installations.js","messaging":"https://www.gstatic.com/firebasejs/8.4.1/firebase-messaging.js","storage":"https://www.gstatic.com/firebasejs/8.4.1/firebase-storage.js","performance":"https://www.gstatic.com/firebasejs/8.4.1/firebase-performance.js","remote-config":"https://www.gstatic.com/firebasejs/8.4.1/firebase-remote-config.js","firestore.memory":"https://www.gstatic.com/firebasejs/8.4.1/firebase-firestore.memory.js"}}
[info] i  Skipping write of public/index.html 
[info] 
[info] i  Detected a .git folder at E:\FPT_17_21\2021\Semester 9\demoCapstone\demo-chat-react-with-firebase 
[info] i  Authorizing with GitHub to upload your service account to a GitHub repository's secrets store. 
[info] 
[info] Visit this URL on this device to log in:
[info] https://github.com/login/oauth/authorize?client_id=89cf50f02ac6aaed3484&state=87371919&redirect_uri=http%3A%2F%2Flocalhost%3A9005&scope=read%3Auser%20repo%20public_repo
[info] 
[info] Waiting for authentication...
[debug] [2021-04-23T04:30:28.996Z] >>> HTTP REQUEST POST https://github.com/login/oauth/access_token  
 {"client_id":"89cf50f02ac6aaed3484","client_secret":"3330d14abc895d9a74d5f17cd7a00711fa2c5bf0","code":"a2c3bfd56de42cbd6375","redirect_uri":"http://localhost:9005","state":"87371919"}
[debug] [2021-04-23T04:30:29.776Z] <<< HTTP RESPONSE 200 {"server":"GitHub.com","date":"Fri, 23 Apr 2021 04:30:29 GMT","content-type":"application/json; charset=utf-8","transfer-encoding":"chunked","vary":"X-PJAX, Accept-Encoding, Accept, X-Requested-With","permissions-policy":"interest-cohort=()","etag":"W/\"34cce3123066edfd128855cfdd31e25e\"","cache-control":"max-age=0, private, must-revalidate","strict-transport-security":"max-age=31536000; includeSubdomains; preload","x-frame-options":"deny","x-content-type-options":"nosniff","x-xss-protection":"0","referrer-policy":"origin-when-cross-origin, strict-origin-when-cross-origin","expect-ct":"max-age=2592000, report-uri=\"https://api.github.com/_private/browser/errors\"","content-security-policy":"default-src 'none'; base-uri 'self'; block-all-mixed-content; connect-src 'self' uploads.github.com www.githubstatus.com collector.githubapp.com api.github.com github-cloud.s3.amazonaws.com github-production-repository-file-5c1aeb.s3.amazonaws.com github-production-upload-manifest-file-7fdce7.s3.amazonaws.com github-production-user-asset-6210df.s3.amazonaws.com cdn.optimizely.com logx.optimizely.com/v1/events wss://alive.github.com; font-src github.githubassets.com; form-action 'self' github.com gist.github.com; frame-ancestors 'none'; frame-src render.githubusercontent.com; img-src 'self' data: github.githubassets.com identicons.github.com collector.githubapp.com github-cloud.s3.amazonaws.com secured-user-images.githubusercontent.com/ *.githubusercontent.com; manifest-src 'self'; media-src 'none'; script-src github.githubassets.com; style-src 'unsafe-inline' github.githubassets.com; worker-src github.com/socket-worker-3f088aa2.js gist.github.com/socket-worker-3f088aa2.js","x-github-request-id":"C2F2:4E87:2A6562:2FF15B:60824D65"}
[debug] [2021-04-23T04:30:29.779Z] >>> [apiv2][query] GET https://api.github.com/user [none]
[debug] [2021-04-23T04:30:30.472Z] <<< [apiv2][status] GET https://api.github.com/user 200
[debug] [2021-04-23T04:30:30.472Z] <<< [apiv2][body] GET https://api.github.com/user {"login":"namhvhe130474","id":54307850,"node_id":"MDQ6VXNlcjU0MzA3ODUw","avatar_url":"https://avatars.githubusercontent.com/u/54307850?v=4","gravatar_id":"","url":"https://api.github.com/users/namhvhe130474","html_url":"https://github.com/namhvhe130474","followers_url":"https://api.github.com/users/namhvhe130474/followers","following_url":"https://api.github.com/users/namhvhe130474/following{/other_user}","gists_url":"https://api.github.com/users/namhvhe130474/gists{/gist_id}","starred_url":"https://api.github.com/users/namhvhe130474/starred{/owner}{/repo}","subscriptions_url":"https://api.github.com/users/namhvhe130474/subscriptions","organizations_url":"https://api.github.com/users/namhvhe130474/orgs","repos_url":"https://api.github.com/users/namhvhe130474/repos","events_url":"https://api.github.com/users/namhvhe130474/events{/privacy}","received_events_url":"https://api.github.com/users/namhvhe130474/received_events","type":"User","site_admin":false,"name":"Jonathan Han","company":"VietED","blog":"https://www.facebook.com/JeyHan25/","location":"Ha Noi","email":"namadam2507@gmail.com","hireable":null,"bio":null,"twitter_username":null,"public_repos":3,"public_gists":0,"followers":0,"following":1,"created_at":"2019-08-20T08:04:54Z","updated_at":"2021-04-23T04:28:51Z","private_gists":4,"total_private_repos":2,"owned_private_repos":1,"disk_usage":3917,"collaborators":1,"two_factor_authentication":false,"plan":{"name":"free","space":976562499,"collaborators":0,"private_repos":10000}}
[info] 
[info] +  Success! Logged into GitHub as namhvhe130474 
[info] 
[debug] [2021-04-23T04:30:32.355Z] >>> [apiv2][query] GET https://api.github.com/repos//actions/secrets/public-key type=owner
[debug] [2021-04-23T04:30:33.050Z] <<< [apiv2][status] GET https://api.github.com/repos//actions/secrets/public-key 404
[debug] [2021-04-23T04:30:33.050Z] <<< [apiv2][body] GET https://api.github.com/repos//actions/secrets/public-key {"message":"Not Found","documentation_url":"https://docs.github.com/rest"}
